Saving logs data to ./logs/torchbeast/example/logs.csv
Saving logs' fields to ./logs/torchbeast/example/fields.csv
Saving logs data to ./logs/torchbeast/example/logs.csv
Saving logs' fields to ./logs/torchbeast/example/fields.csv
Path to log file already exists. New data will be appended.
Saving logs data to ./logs/torchbeast/example/logs.csv
Saving logs' fields to ./logs/torchbeast/example/fields.csv
Path to log file already exists. New data will be appended.
Saving logs data to ./logs/torchbeast/example/logs.csv
Saving logs' fields to ./logs/torchbeast/example/fields.csv
Path to log file already exists. New data will be appended.
Saving logs data to ./logs/torchbeast/example/logs.csv
Saving logs' fields to ./logs/torchbeast/example/fields.csv
Path to log file already exists. New data will be appended.
Saving logs data to ./logs/torchbeast/example/logs.csv
Saving logs' fields to ./logs/torchbeast/example/fields.csv
Path to log file already exists. New data will be appended.
Saving logs data to ./logs/torchbeast/example/logs.csv
Saving logs' fields to ./logs/torchbeast/example/fields.csv
Path to log file already exists. New data will be appended.
Saving logs data to ./logs/torchbeast/example/logs.csv
Saving logs' fields to ./logs/torchbeast/example/fields.csv
Path to log file already exists. New data will be appended.
Saving logs data to ./logs/torchbeast/example/logs.csv
Saving logs' fields to ./logs/torchbeast/example/fields.csv
Path to log file already exists. New data will be appended.
Saving logs data to ./logs/torchbeast/example/logs.csv
Saving logs' fields to ./logs/torchbeast/example/fields.csv
Path to log file already exists. New data will be appended.
Saving logs data to ./logs/torchbeast/example/logs.csv
Saving logs' fields to ./logs/torchbeast/example/fields.csv
Path to log file already exists. New data will be appended.
Saving logs data to ./logs/torchbeast/example/logs.csv
Saving logs' fields to ./logs/torchbeast/example/fields.csv
Path to log file already exists. New data will be appended.
Saving logs data to ./logs/torchbeast/example/logs.csv
Saving logs' fields to ./logs/torchbeast/example/fields.csv
Path to log file already exists. New data will be appended.
Saving logs data to ./logs/torchbeast/example/logs.csv
Saving logs' fields to ./logs/torchbeast/example/fields.csv
Path to log file already exists. New data will be appended.
Saving logs data to ./logs/torchbeast/example/logs.csv
Saving logs' fields to ./logs/torchbeast/example/fields.csv
Path to log file already exists. New data will be appended.
Saving logs data to ./logs/torchbeast/example/logs.csv
Saving logs' fields to ./logs/torchbeast/example/fields.csv
Path to log file already exists. New data will be appended.
Saving logs data to ./logs/torchbeast/example/logs.csv
Saving logs' fields to ./logs/torchbeast/example/fields.csv
Path to log file already exists. New data will be appended.
Saving logs data to ./logs/torchbeast/example/logs.csv
Saving logs' fields to ./logs/torchbeast/example/fields.csv
Path to log file already exists. New data will be appended.
Saving logs data to ./logs/torchbeast/example/logs.csv
Saving logs' fields to ./logs/torchbeast/example/fields.csv
Path to log file already exists. New data will be appended.
Saving logs data to ./logs/torchbeast/example/logs.csv
Saving logs' fields to ./logs/torchbeast/example/fields.csv
Path to log file already exists. New data will be appended.
Saving logs data to ./logs/torchbeast/example/logs.csv
Saving logs' fields to ./logs/torchbeast/example/fields.csv
Path to log file already exists. New data will be appended.
Saving logs data to ./logs/torchbeast/example/logs.csv
Saving logs' fields to ./logs/torchbeast/example/fields.csv
Path to log file already exists. New data will be appended.
Saving logs data to ./logs/torchbeast/example/logs.csv
Saving logs' fields to ./logs/torchbeast/example/fields.csv
Path to log file already exists. New data will be appended.
Saving logs data to ./logs/torchbeast/example/logs.csv
Saving logs' fields to ./logs/torchbeast/example/fields.csv
Path to log file already exists. New data will be appended.
Saving logs data to ./logs/torchbeast/example/logs.csv
Saving logs' fields to ./logs/torchbeast/example/fields.csv
Path to log file already exists. New data will be appended.
Saving logs data to ./logs/torchbeast/example/logs.csv
Saving logs' fields to ./logs/torchbeast/example/fields.csv
Path to log file already exists. New data will be appended.
Saving logs data to ./logs/torchbeast/example/logs.csv
Saving logs' fields to ./logs/torchbeast/example/fields.csv
Path to log file already exists. New data will be appended.
Saving logs data to ./logs/torchbeast/example/logs.csv
Saving logs' fields to ./logs/torchbeast/example/fields.csv
Path to log file already exists. New data will be appended.
Saving logs data to ./logs/torchbeast/example/logs.csv
Saving logs' fields to ./logs/torchbeast/example/fields.csv
Path to log file already exists. New data will be appended.
Saving logs data to ./logs/torchbeast/example/logs.csv
Saving logs' fields to ./logs/torchbeast/example/fields.csv
Path to log file already exists. New data will be appended.
Saving logs data to ./logs/torchbeast/example/logs.csv
Saving logs' fields to ./logs/torchbeast/example/fields.csv
Path to log file already exists. New data will be appended.
Saving logs data to ./logs/torchbeast/example/logs.csv
Saving logs' fields to ./logs/torchbeast/example/fields.csv
Path to log file already exists. New data will be appended.
Saving logs data to ./logs/torchbeast/example/logs.csv
Saving logs' fields to ./logs/torchbeast/example/fields.csv
Path to log file already exists. New data will be appended.
Saving logs data to ./logs/torchbeast/example/logs.csv
Saving logs' fields to ./logs/torchbeast/example/fields.csv
Path to log file already exists. New data will be appended.
Saving logs data to ./logs/torchbeast/example/logs.csv
Saving logs' fields to ./logs/torchbeast/example/fields.csv
Path to log file already exists. New data will be appended.
Saving logs data to ./logs/torchbeast/example/logs.csv
Saving logs' fields to ./logs/torchbeast/example/fields.csv
Path to log file already exists. New data will be appended.
Saving logs data to ./logs/torchbeast/example/logs.csv
Saving logs' fields to ./logs/torchbeast/example/fields.csv
Path to log file already exists. New data will be appended.
Saving logs data to ./logs/torchbeast/example/logs.csv
Saving logs' fields to ./logs/torchbeast/example/fields.csv
Path to log file already exists. New data will be appended.
Saving logs data to ./logs/torchbeast/example/logs.csv
Saving logs' fields to ./logs/torchbeast/example/fields.csv
Path to log file already exists. New data will be appended.
Saving logs data to ./logs/torchbeast/example/logs.csv
Saving logs' fields to ./logs/torchbeast/example/fields.csv
Path to log file already exists. New data will be appended.
Saving logs data to ./logs/torchbeast/example/logs.csv
Saving logs' fields to ./logs/torchbeast/example/fields.csv
Path to log file already exists. New data will be appended.
Saving logs data to ./logs/torchbeast/example/logs.csv
Saving logs' fields to ./logs/torchbeast/example/fields.csv
Path to log file already exists. New data will be appended.
Saving logs data to ./logs/torchbeast/example/logs.csv
Saving logs' fields to ./logs/torchbeast/example/fields.csv
Path to log file already exists. New data will be appended.
Saving logs data to ./logs/torchbeast/example/logs.csv
Saving logs' fields to ./logs/torchbeast/example/fields.csv
Path to log file already exists. New data will be appended.
Saving logs data to ./logs/torchbeast/example/logs.csv
Saving logs' fields to ./logs/torchbeast/example/fields.csv
Path to log file already exists. New data will be appended.
Saving logs data to ./logs/torchbeast/example/logs.csv
Saving logs' fields to ./logs/torchbeast/example/fields.csv
Path to log file already exists. New data will be appended.
Saving logs data to ./logs/torchbeast/example/logs.csv
Saving logs' fields to ./logs/torchbeast/example/fields.csv
Path to log file already exists. New data will be appended.
Saving logs data to ./logs/torchbeast/example/logs.csv
Saving logs' fields to ./logs/torchbeast/example/fields.csv
Path to log file already exists. New data will be appended.
Saving logs data to ./logs/torchbeast/example/logs.csv
Saving logs' fields to ./logs/torchbeast/example/fields.csv
Path to log file already exists. New data will be appended.
Saving logs data to ./logs/torchbeast/example/logs.csv
Saving logs' fields to ./logs/torchbeast/example/fields.csv
Path to log file already exists. New data will be appended.
Saving logs data to ./logs/torchbeast/example/logs.csv
Saving logs' fields to ./logs/torchbeast/example/fields.csv
Path to log file already exists. New data will be appended.
Saving logs data to ./logs/torchbeast/example/logs.csv
Saving logs' fields to ./logs/torchbeast/example/fields.csv
Path to log file already exists. New data will be appended.
Saving logs data to ./logs/torchbeast/example/logs.csv
Saving logs' fields to ./logs/torchbeast/example/fields.csv
Path to log file already exists. New data will be appended.
Saving logs data to ./logs/torchbeast/example/logs.csv
Saving logs' fields to ./logs/torchbeast/example/fields.csv
Path to log file already exists. New data will be appended.
Saving logs data to ./logs/torchbeast/example/logs.csv
Saving logs' fields to ./logs/torchbeast/example/fields.csv
Path to log file already exists. New data will be appended.
Saving logs data to ./logs/torchbeast/example/logs.csv
Saving logs' fields to ./logs/torchbeast/example/fields.csv
Path to log file already exists. New data will be appended.
Saving logs data to ./logs/torchbeast/example/logs.csv
Saving logs' fields to ./logs/torchbeast/example/fields.csv
Path to log file already exists. New data will be appended.
Saving logs data to ./logs/torchbeast/example/logs.csv
Saving logs' fields to ./logs/torchbeast/example/fields.csv
Path to log file already exists. New data will be appended.
Updated log fields: ['_tick', '_time', 'step', 'total_loss', 'mean_episode_return', 'pg_loss', 'baseline_loss', 'entropy_loss']
Saving logs data to ./logs/torchbeast/example/logs.csv
Saving logs' fields to ./logs/torchbeast/example/fields.csv
Path to log file already exists. New data will be appended.
Saving logs data to ./logs/torchbeast/example/logs.csv
Saving logs' fields to ./logs/torchbeast/example/fields.csv
Path to log file already exists. New data will be appended.
Saving logs data to ./logs/torchbeast/example/logs.csv
Saving logs' fields to ./logs/torchbeast/example/fields.csv
Path to log file already exists. New data will be appended.
Saving logs data to ./logs/torchbeast/example/logs.csv
Saving logs' fields to ./logs/torchbeast/example/fields.csv
Path to log file already exists. New data will be appended.
Saving logs data to ./logs/torchbeast/example/logs.csv
Saving logs' fields to ./logs/torchbeast/example/fields.csv
Path to log file already exists. New data will be appended.
Saving logs data to ./logs/torchbeast/example/logs.csv
Saving logs' fields to ./logs/torchbeast/example/fields.csv
Path to log file already exists. New data will be appended.
Saving logs data to ./logs/torchbeast/example/logs.csv
Saving logs' fields to ./logs/torchbeast/example/fields.csv
Path to log file already exists. New data will be appended.
Saving logs data to ./logs/torchbeast/example/logs.csv
Saving logs' fields to ./logs/torchbeast/example/fields.csv
Path to log file already exists. New data will be appended.
Saving logs data to ./logs/torchbeast/example/logs.csv
Saving logs' fields to ./logs/torchbeast/example/fields.csv
Path to log file already exists. New data will be appended.
Saving logs data to ./logs/torchbeast/example/logs.csv
Saving logs' fields to ./logs/torchbeast/example/fields.csv
Path to log file already exists. New data will be appended.
Saving logs data to ./logs/torchbeast/example/logs.csv
Saving logs' fields to ./logs/torchbeast/example/fields.csv
Path to log file already exists. New data will be appended.
Saving logs data to ./logs/torchbeast/example/logs.csv
Saving logs' fields to ./logs/torchbeast/example/fields.csv
Path to log file already exists. New data will be appended.
Saving logs data to ./logs/torchbeast/example/logs.csv
Saving logs' fields to ./logs/torchbeast/example/fields.csv
Path to log file already exists. New data will be appended.
Saving logs data to ./logs/torchbeast/example/logs.csv
Saving logs' fields to ./logs/torchbeast/example/fields.csv
Path to log file already exists. New data will be appended.
Saving logs data to ./logs/torchbeast/example/logs.csv
Saving logs' fields to ./logs/torchbeast/example/fields.csv
Path to log file already exists. New data will be appended.
Saving logs data to ./logs/torchbeast/example/logs.csv
Saving logs' fields to ./logs/torchbeast/example/fields.csv
Path to log file already exists. New data will be appended.
Saving logs data to ./logs/torchbeast/example/logs.csv
Saving logs' fields to ./logs/torchbeast/example/fields.csv
Path to log file already exists. New data will be appended.
Saving logs data to ./logs/torchbeast/example/logs.csv
Saving logs' fields to ./logs/torchbeast/example/fields.csv
Path to log file already exists. New data will be appended.
Saving logs data to ./logs/torchbeast/example/logs.csv
Saving logs' fields to ./logs/torchbeast/example/fields.csv
Path to log file already exists. New data will be appended.
Saving logs data to ./logs/torchbeast/example/logs.csv
Saving logs' fields to ./logs/torchbeast/example/fields.csv
Path to log file already exists. New data will be appended.
Saving logs data to ./logs/torchbeast/example/logs.csv
Saving logs' fields to ./logs/torchbeast/example/fields.csv
Path to log file already exists. New data will be appended.
Saving logs data to ./logs/torchbeast/example/logs.csv
Saving logs' fields to ./logs/torchbeast/example/fields.csv
Path to log file already exists. New data will be appended.
Saving logs data to ./logs/torchbeast/example/logs.csv
Saving logs' fields to ./logs/torchbeast/example/fields.csv
Path to log file already exists. New data will be appended.
Saving logs data to ./logs/torchbeast/example/logs.csv
Saving logs' fields to ./logs/torchbeast/example/fields.csv
Path to log file already exists. New data will be appended.
Saving logs data to ./logs/torchbeast/example/logs.csv
Saving logs' fields to ./logs/torchbeast/example/fields.csv
Path to log file already exists. New data will be appended.
Saving logs data to ./logs/torchbeast/example/logs.csv
Saving logs' fields to ./logs/torchbeast/example/fields.csv
Path to log file already exists. New data will be appended.
Saving logs data to ./logs/torchbeast/example/logs.csv
Saving logs' fields to ./logs/torchbeast/example/fields.csv
Path to log file already exists. New data will be appended.
Saving logs data to ./logs/torchbeast/example/logs.csv
Saving logs' fields to ./logs/torchbeast/example/fields.csv
Path to log file already exists. New data will be appended.
Saving logs data to ./logs/torchbeast/example/logs.csv
Saving logs' fields to ./logs/torchbeast/example/fields.csv
Path to log file already exists. New data will be appended.
Saving logs data to ./logs/torchbeast/example/logs.csv
Saving logs' fields to ./logs/torchbeast/example/fields.csv
Path to log file already exists. New data will be appended.
<<<<<<< Updated upstream
Saving logs data to ./logs/torchbeast/example/logs.csv
Saving logs' fields to ./logs/torchbeast/example/fields.csv
Path to log file already exists. New data will be appended.
Saving logs data to ./logs/torchbeast/example/logs.csv
Saving logs' fields to ./logs/torchbeast/example/fields.csv
Path to log file already exists. New data will be appended.
Saving logs data to ./logs/torchbeast/example/logs.csv
Saving logs' fields to ./logs/torchbeast/example/fields.csv
Path to log file already exists. New data will be appended.
Saving logs data to ./logs/torchbeast/example/logs.csv
Saving logs' fields to ./logs/torchbeast/example/fields.csv
Path to log file already exists. New data will be appended.
Saving logs data to ./logs/torchbeast/example/logs.csv
Saving logs' fields to ./logs/torchbeast/example/fields.csv
Path to log file already exists. New data will be appended.
Saving logs data to ./logs/torchbeast/example/logs.csv
Saving logs' fields to ./logs/torchbeast/example/fields.csv
Path to log file already exists. New data will be appended.
Saving logs data to ./logs/torchbeast/example/logs.csv
Saving logs' fields to ./logs/torchbeast/example/fields.csv
Path to log file already exists. New data will be appended.
Saving logs data to ./logs/torchbeast/example/logs.csv
Saving logs' fields to ./logs/torchbeast/example/fields.csv
Path to log file already exists. New data will be appended.
Saving logs data to ./logs/torchbeast/example/logs.csv
Saving logs' fields to ./logs/torchbeast/example/fields.csv
Path to log file already exists. New data will be appended.
Saving logs data to ./logs/torchbeast/example/logs.csv
Saving logs' fields to ./logs/torchbeast/example/fields.csv
Path to log file already exists. New data will be appended.
Saving logs data to ./logs/torchbeast/example/logs.csv
Saving logs' fields to ./logs/torchbeast/example/fields.csv
Path to log file already exists. New data will be appended.
Saving logs data to ./logs/torchbeast/example/logs.csv
Saving logs' fields to ./logs/torchbeast/example/fields.csv
Path to log file already exists. New data will be appended.
Saving logs data to ./logs/torchbeast/example/logs.csv
Saving logs' fields to ./logs/torchbeast/example/fields.csv
Path to log file already exists. New data will be appended.
Saving logs data to ./logs/torchbeast/example/logs.csv
Saving logs' fields to ./logs/torchbeast/example/fields.csv
Path to log file already exists. New data will be appended.
Saving logs data to ./logs/torchbeast/example/logs.csv
Saving logs' fields to ./logs/torchbeast/example/fields.csv
Path to log file already exists. New data will be appended.
Saving logs data to ./logs/torchbeast/example/logs.csv
Saving logs' fields to ./logs/torchbeast/example/fields.csv
Path to log file already exists. New data will be appended.
Saving logs data to ./logs/torchbeast/example/logs.csv
Saving logs' fields to ./logs/torchbeast/example/fields.csv
Path to log file already exists. New data will be appended.
Saving logs data to ./logs/torchbeast/example/logs.csv
Saving logs' fields to ./logs/torchbeast/example/fields.csv
Path to log file already exists. New data will be appended.
Saving logs data to ./logs/torchbeast/example/logs.csv
Saving logs' fields to ./logs/torchbeast/example/fields.csv
Path to log file already exists. New data will be appended.
Saving logs data to ./logs/torchbeast/example/logs.csv
Saving logs' fields to ./logs/torchbeast/example/fields.csv
Path to log file already exists. New data will be appended.
Saving logs data to ./logs/torchbeast/example/logs.csv
Saving logs' fields to ./logs/torchbeast/example/fields.csv
Path to log file already exists. New data will be appended.
=======
>>>>>>> Stashed changes
